[Sun Oct 22 2023] 1 
[Sun Oct 22 2023] 1 
[Sun Oct 22 2023] TypeError: Cannot read properties of null (reading 'kill') 
[Sun Oct 22 2023] 1 
[Sun Oct 22 2023] TypeError: Cannot read properties of null (reading 'kill') 
[Sun Oct 22 2023] SyntaxError: Unexpected end of JSON input 
[Sun Oct 22 2023] SyntaxError: Unexpected end of JSON input 
[Sun Oct 22 2023] SyntaxError: Unexpected end of JSON input 
[Sun Oct 22 2023] SyntaxError: Unexpected end of JSON input 
[Sun Oct 22 2023] SyntaxError: Unexpected end of JSON input 
[Sun Oct 22 2023] WebSocket error: Error: WebSocket was closed before the connection was established 
[Sun Oct 22 2023] realtime error: Error: WebSocket was closed before the connection was established 
[Sun Oct 22 2023] 1 
[Sun Oct 22 2023] TypeError: Cannot read properties of null (reading 'kill') 
[Sun Oct 22 2023] SyntaxError: Unexpected end of JSON input 
[Sun Oct 22 2023] SyntaxError: Unexpected end of JSON input 
[Sun Oct 22 2023] SyntaxError: Unexpected end of JSON input 
[Sun Oct 22 2023] SyntaxError: Unexpected end of JSON input 
[Sun Oct 22 2023] 1 
[Sun Oct 22 2023] SyntaxError: Unexpected end of JSON input 
[Sun Oct 22 2023] SyntaxError: Unexpected end of JSON input 
[Sun Oct 22 2023] SyntaxError: Unexpected end of JSON input 
[Sun Oct 22 2023] SyntaxError: Unexpected end of JSON input 
[Sun Oct 22 2023] TypeError: Cannot read properties of null (reading 'kill') 
[Sun Oct 22 2023] 1 
[Sun Oct 22 2023] TypeError: Cannot read properties of null (reading 'kill') 
[Sun Oct 22 2023] 1 
[Sun Oct 22 2023] TypeError: Cannot read properties of null (reading 'kill') 
[Sun Oct 22 2023] 1 
[Sun Oct 22 2023] SyntaxError: Unexpected end of JSON input 
[Sun Oct 22 2023] TypeError: Cannot read properties of null (reading 'kill') 
[Sun Oct 22 2023] 1 
[Sun Oct 22 2023] 1 
[Sun Oct 22 2023] TypeError: Cannot read properties of null (reading 'kill') 
[Sun Oct 22 2023] TypeError: Cannot read properties of null (reading 'kill') 
[Sun Oct 22 2023] 1 
[Sun Oct 22 2023] TypeError: Cannot read properties of null (reading 'kill') 
[Sun Oct 22 2023] SyntaxError: Unexpected end of JSON input 
[Sun Oct 22 2023] SyntaxError: Unexpected end of JSON input 
[Sun Oct 22 2023] SyntaxError: Unexpected end of JSON input 
[Sun Oct 22 2023] SyntaxError: Unexpected end of JSON input 
[Sun Oct 22 2023] SyntaxError: Unexpected end of JSON input 
[Sun Oct 22 2023] SyntaxError: Unexpected end of JSON input 
[Sun Oct 22 2023] SyntaxError: Unexpected end of JSON input 
[Sun Oct 22 2023] SyntaxError: Unexpected end of JSON input 
[Sun Oct 22 2023] SyntaxError: Unexpected end of JSON input 
[Sun Oct 22 2023] realtime error: Error: WebSocket was closed before the connection was established 
[Sun Oct 22 2023] realtime error: Error: WebSocket was closed before the connection was established 
[Sun Oct 22 2023] TypeError: Cannot read properties of null (reading 'result') 
[Sun Oct 22 2023] SyntaxError: Unexpected end of JSON input 
[Sun Oct 22 2023] SyntaxError: Unexpected end of JSON input 
[Sun Oct 22 2023] SyntaxError: Unexpected end of JSON input 
[Sun Oct 22 2023] SyntaxError: Unexpected end of JSON input 
[Sun Oct 22 2023] SyntaxError: Unexpected end of JSON input 
[Sun Oct 22 2023] SyntaxError: Unexpected end of JSON input 
[Sun Oct 22 2023] SyntaxError: Unexpected end of JSON input 
[Sun Oct 22 2023] SyntaxError: Unexpected end of JSON input 
[Sun Oct 22 2023] realtime error: Error: WebSocket was closed before the connection was established 
[Sun Oct 22 2023] TypeError: Cannot read properties of null (reading 'result') 
[Sun Oct 22 2023] TypeError: Cannot read properties of null (reading 'result') 
[Sun Oct 22 2023] TypeError: Cannot read properties of null (reading 'result') 
[Sun Oct 22 2023] TypeError: Cannot read properties of null (reading 'result') 
[Sun Oct 22 2023] TypeError: Cannot read properties of null (reading 'result') 
[Sun Oct 22 2023] TypeError: Cannot read properties of null (reading 'result') 
[Sun Oct 22 2023] TypeError: Cannot read properties of null (reading 'result') 
[Sun Oct 22 2023] TypeError: Cannot read properties of null (reading 'result') 
[Sun Oct 22 2023] SyntaxError: Unexpected end of JSON input 
[Sun Oct 22 2023] TypeError: Cannot read properties of null (reading 'result') 
[Sun Oct 22 2023] TypeError: Cannot read properties of null (reading 'result') 
[Sun Oct 22 2023] SyntaxError: Unexpected end of JSON input 
[Sun Oct 22 2023] SyntaxError: Unexpected end of JSON input 
[Sun Oct 22 2023] SyntaxError: Unexpected end of JSON input 
[Sun Oct 22 2023] TypeError: Cannot read properties of null (reading 'result') 
[Sun Oct 22 2023] TypeError: Cannot read properties of null (reading 'result') 
[Sun Oct 22 2023] TypeError: Cannot read properties of null (reading 'result') 
[Sun Oct 22 2023] SyntaxError: Unexpected end of JSON input 
[Sun Oct 22 2023] TypeError: Cannot read properties of null (reading 'result') 
[Sun Oct 22 2023] TypeError: Cannot read properties of null (reading 'result') 
[Sun Oct 22 2023] TypeError: Cannot read properties of null (reading 'result') 
[Sun Oct 22 2023] TypeError: Cannot read properties of null (reading 'result') 
[Sun Oct 22 2023] TypeError: Cannot read properties of null (reading 'result') 
[Sun Oct 22 2023] TypeError: Cannot read properties of null (reading 'result') 
[Sun Oct 22 2023] TypeError: Cannot read properties of null (reading 'result') 
[Sun Oct 22 2023] TypeError: Cannot read properties of null (reading 'result') 
[Sun Oct 22 2023] TypeError: Cannot read properties of null (reading 'result') 
[Sun Oct 22 2023] TypeError: Cannot read properties of null (reading 'result') 
[Sun Oct 22 2023] TypeError: Cannot read properties of null (reading 'result') 
[Sun Oct 22 2023] TypeError: Cannot read properties of null (reading 'result') 
[Sun Oct 22 2023] TypeError: Cannot read properties of null (reading 'result') 
[Sun Oct 22 2023] TypeError: Cannot read properties of null (reading 'result') 
[Sun Oct 22 2023] TypeError: Cannot read properties of null (reading 'result') 
[Sun Oct 22 2023] TypeError: Cannot read properties of null (reading 'result') 
[Sun Oct 22 2023] TypeError: Cannot read properties of null (reading 'result') 
[Sun Oct 22 2023] TypeError: Cannot read properties of null (reading 'result') 
[Sun Oct 22 2023] TypeError: Cannot read properties of null (reading 'result') 
[Sun Oct 22 2023] TypeError: Cannot read properties of null (reading 'result') 
[Sun Oct 22 2023] TypeError: Cannot read properties of null (reading 'result') 
[Sun Oct 22 2023] TypeError: Cannot read properties of null (reading 'result') 
[Sun Oct 22 2023] TypeError: Cannot read properties of null (reading 'result') 
[Sun Oct 22 2023] TypeError: Cannot read properties of null (reading 'result') 
[Sun Oct 22 2023] TypeError: Cannot read properties of null (reading 'result') 
[Sun Oct 22 2023] SyntaxError: Unexpected end of JSON input 
[Sun Oct 22 2023] SyntaxError: Unexpected end of JSON input 
[Sun Oct 22 2023] SyntaxError: Unexpected end of JSON input 
[Sun Oct 22 2023] SyntaxError: Unexpected end of JSON input 
[Sun Oct 22 2023] SyntaxError: Unexpected end of JSON input 
[Sun Oct 22 2023] SyntaxError: Unexpected end of JSON input 
[Sun Oct 22 2023] SyntaxError: Unexpected end of JSON input 
[Sun Oct 22 2023] SyntaxError: Unexpected end of JSON input 
[Sun Oct 22 2023] SyntaxError: Unexpected end of JSON input 
[Sun Oct 22 2023] SyntaxError: Unexpected end of JSON input 
[Sun Oct 22 2023] TypeError: Cannot read properties of null (reading 'result') 
[Sun Oct 22 2023] realtime error: Error: getaddrinfo EAI_AGAIN ptfarm-realtime.ably.io 
[Sun Oct 22 2023] realtime error: Error: WebSocket was closed before the connection was established 
[Sun Oct 22 2023] TypeError: Cannot read properties of null (reading 'result') 
[Sun Oct 22 2023] realtime error: Error: WebSocket was closed before the connection was established 
[Sun Oct 22 2023] realtime error: Error: WebSocket was closed before the connection was established 
[Sun Oct 22 2023] TypeError: Cannot read properties of null (reading 'result') 
[Sun Oct 22 2023] TypeError: Cannot read properties of null (reading 'result') 
[Sun Oct 22 2023] TypeError: Cannot read properties of null (reading 'result') 
[Sun Oct 22 2023] TypeError: Cannot read properties of null (reading 'result') 
[Sun Oct 22 2023] TypeError: Cannot read properties of null (reading 'result') 
[Sun Oct 22 2023] TypeError: Cannot read properties of null (reading 'result') 
[Sun Oct 22 2023] TypeError: Cannot read properties of null (reading 'result') 
[Sun Oct 22 2023] TypeError: Cannot read properties of null (reading 'result') 
[Sun Oct 22 2023] SyntaxError: Unexpected end of JSON input 
[Sun Oct 22 2023] SyntaxError: Unexpected end of JSON input 
[Sun Oct 22 2023] SyntaxError: Unexpected end of JSON input 
[Sun Oct 22 2023] SyntaxError: Unexpected end of JSON input 
[Sun Oct 22 2023] SyntaxError: Unexpected end of JSON input 
[Sun Oct 22 2023] TypeError: Cannot read properties of null (reading 'result') 
[Sun Oct 22 2023] TypeError: Cannot read properties of null (reading 'result') 
[Sun Oct 22 2023] TypeError: Cannot read properties of null (reading 'result') 
[Sun Oct 22 2023] SyntaxError: Unexpected end of JSON input 
[Sun Oct 22 2023] ReferenceError: Maths is not defined 
[Sun Oct 22 2023] ReferenceError: fs is not defined 
[Sun Oct 22 2023] TypeError: data is not iterable 
[Sun Oct 22 2023] 1 
[Sun Oct 22 2023] TypeError: Cannot read properties of null (reading 'kill') 
[Sun Oct 22 2023] SyntaxError: Unexpected end of JSON input 
[Sun Oct 22 2023] SyntaxError: Unexpected end of JSON input 
[Sun Oct 22 2023] SyntaxError: Unexpected end of JSON input 
[Sun Oct 22 2023] SyntaxError: Unexpected end of JSON input 
[Sun Oct 22 2023] SyntaxError: Unexpected end of JSON input 
[Sun Oct 22 2023] SyntaxError: Unexpected end of JSON input 
[Sun Oct 22 2023] SyntaxError: Unexpected end of JSON input 
[Sun Oct 22 2023] SyntaxError: Unexpected end of JSON input 
[Sun Oct 22 2023] SyntaxError: Unexpected end of JSON input 
[Sun Oct 22 2023] SyntaxError: Unexpected end of JSON input 
[Sun Oct 22 2023] SyntaxError: Unexpected end of JSON input 
[Sun Oct 22 2023] SyntaxError: Unexpected end of JSON input 
[Sun Oct 22 2023] SyntaxError: Unexpected end of JSON input 
[Sun Oct 22 2023] SyntaxError: Unexpected end of JSON input 
[Sun Oct 22 2023] SyntaxError: Unexpected end of JSON input 
[Sun Oct 22 2023] SyntaxError: Unexpected end of JSON input 
[Sun Oct 22 2023] SyntaxError: Unexpected end of JSON input 
[Sun Oct 22 2023] SyntaxError: Unexpected end of JSON input 
[Sun Oct 22 2023] SyntaxError: Unexpected end of JSON input 
[Sun Oct 22 2023] SyntaxError: Unexpected end of JSON input 
[Sun Oct 22 2023] SyntaxError: Unexpected end of JSON input 
[Sun Oct 22 2023] SyntaxError: Unexpected end of JSON input 
[Sun Oct 22 2023] SyntaxError: Unexpected end of JSON input 
[Sun Oct 22 2023] SyntaxError: Unexpected end of JSON input 
[Sun Oct 22 2023] SyntaxError: Unexpected end of JSON input 
[Sun Oct 22 2023] SyntaxError: Unexpected end of JSON input 
[Sun Oct 22 2023] SyntaxError: Unexpected end of JSON input 
[Sun Oct 22 2023] SyntaxError: Unexpected end of JSON input 
[Sun Oct 22 2023] SyntaxError: Unexpected end of JSON input 
[Sun Oct 22 2023] TypeError: data is not iterable 
[Sun Oct 22 2023] 1 
[Sun Oct 22 2023] TypeError: Cannot read properties of null (reading 'kill') 
[Sun Oct 22 2023] TypeError: Cannot read properties of undefined (reading 'roomRequestDetail') 
[Sun Oct 22 2023] 1 
[Sun Oct 22 2023] TypeError: Cannot read properties of null (reading 'kill') 
[Sun Oct 22 2023] TypeError: socket.emit is not a function 
[Sun Oct 22 2023] TypeError: Cannot read private member #socket from an object whose class did not declare it 
[Sun Oct 22 2023] TypeError: Cannot read properties of undefined (reading 'roomRequestDetail') 
[Mon Oct 23 2023] TypeError: Cannot read properties of undefined (reading 'rooms') 
[Mon Oct 23 2023] TypeError: Cannot read properties of undefined (reading 'rooms') 
[Mon Oct 23 2023] TypeError: Cannot read properties of undefined (reading 'rooms') 
[Mon Oct 23 2023] TypeError: Cannot read properties of undefined (reading 'rooms') 
[Mon Oct 23 2023] SyntaxError: Unexpected end of JSON input 
[Mon Oct 23 2023] TypeError: Cannot read properties of undefined (reading 'rooms') 
[Mon Oct 23 2023] SyntaxError: Unexpected end of JSON input 
[Mon Oct 23 2023] SyntaxError: Unexpected end of JSON input 
[Mon Oct 23 2023] SyntaxError: Unexpected end of JSON input 
[Mon Oct 23 2023] SyntaxError: Unexpected end of JSON input 
[Mon Oct 23 2023] SyntaxError: Unexpected end of JSON input 
[Mon Oct 23 2023] SyntaxError: Unexpected end of JSON input 
[Mon Oct 23 2023] SyntaxError: Unexpected end of JSON input 
[Mon Oct 23 2023] realtime error: Error: WebSocket was closed before the connection was established 
[Mon Oct 23 2023] TypeError: Cannot read properties of undefined (reading 'rooms') 
[Mon Oct 23 2023] TypeError: Cannot read properties of undefined (reading 'rooms') 
[Mon Oct 23 2023] TypeError: Cannot read properties of undefined (reading 'rooms') 
[Mon Oct 23 2023] TypeError: Cannot read properties of undefined (reading 'rooms') 
[Mon Oct 23 2023] TypeError: Cannot read properties of undefined (reading 'rooms') 
[Mon Oct 23 2023] TypeError: Cannot read properties of undefined (reading 'rooms') 
[Mon Oct 23 2023] SyntaxError: Unexpected end of JSON input 
[Mon Oct 23 2023] SyntaxError: Unexpected end of JSON input 
[Mon Oct 23 2023] SyntaxError: Unexpected end of JSON input 
[Mon Oct 23 2023] SyntaxError: Unexpected end of JSON input 
[Mon Oct 23 2023] TypeError: Cannot read properties of undefined (reading 'rooms') 
[Mon Oct 23 2023] TypeError: Cannot read properties of undefined (reading 'rooms') 
[Mon Oct 23 2023] TypeError: Cannot read properties of undefined (reading 'rooms') 
[Mon Oct 23 2023] TypeError: Cannot read properties of undefined (reading 'rooms') 
[Mon Oct 23 2023] TypeError: Cannot read properties of undefined (reading 'rooms') 
[Mon Oct 23 2023] TypeError: Cannot read properties of undefined (reading 'rooms') 
[Mon Oct 23 2023] TypeError: Cannot read properties of undefined (reading 'rooms') 
[Mon Oct 23 2023] TypeError: Cannot read properties of undefined (reading 'rooms') 
[Mon Oct 23 2023] SyntaxError: Unexpected end of JSON input 
[Mon Oct 23 2023] TypeError: Cannot read properties of undefined (reading 'rooms') 
[Mon Oct 23 2023] TypeError: Cannot read properties of undefined (reading 'rooms') 
[Mon Oct 23 2023] TypeError: Cannot read properties of undefined (reading 'rooms') 
[Mon Oct 23 2023] SyntaxError: Unexpected end of JSON input 
[Mon Oct 23 2023] SyntaxError: Unexpected end of JSON input 
[Mon Oct 23 2023] SyntaxError: Unexpected end of JSON input 
[Mon Oct 23 2023] realtime error: Error: WebSocket was closed before the connection was established 
[Mon Oct 23 2023] TypeError: Cannot read properties of undefined (reading 'rooms') 
[Mon Oct 23 2023] TypeError: Cannot read properties of undefined (reading 'rooms') 
[Mon Oct 23 2023] SyntaxError: Unexpected end of JSON input 
[Mon Oct 23 2023] SyntaxError: Unexpected end of JSON input 
[Mon Oct 23 2023] TypeError: Cannot read properties of undefined (reading 'rooms') 
[Mon Oct 23 2023] TypeError: Cannot read properties of undefined (reading 'rooms') 
[Mon Oct 23 2023] TypeError: Cannot read properties of undefined (reading 'rooms') 
[Mon Oct 23 2023] SyntaxError: Unexpected end of JSON input 
[Mon Oct 23 2023] SyntaxError: Unexpected end of JSON input 
[Mon Oct 23 2023] SyntaxError: Unexpected end of JSON input 
[Mon Oct 23 2023] SyntaxError: Unexpected end of JSON input 
[Mon Oct 23 2023] SyntaxError: Unexpected end of JSON input 
[Mon Oct 23 2023] TypeError: Cannot read properties of undefined (reading 'rooms') 
[Mon Oct 23 2023] TypeError: Cannot read properties of undefined (reading 'rooms') 
[Mon Oct 23 2023] TypeError: Cannot read properties of undefined (reading 'rooms') 
[Mon Oct 23 2023] TypeError: Cannot read properties of undefined (reading 'rooms') 
[Mon Oct 23 2023] SyntaxError: Unexpected end of JSON input 
[Mon Oct 23 2023] SyntaxError: Unexpected end of JSON input 
[Mon Oct 23 2023] SyntaxError: Unexpected end of JSON input 
[Mon Oct 23 2023] TypeError: Cannot read properties of undefined (reading 'rooms') 
[Mon Oct 23 2023] SyntaxError: Unexpected end of JSON input 
[Mon Oct 23 2023] TypeError: Cannot read properties of undefined (reading 'rooms') 
[Mon Oct 23 2023] SyntaxError: Unexpected end of JSON input 
[Mon Oct 23 2023] SyntaxError: Unexpected end of JSON input 
[Mon Oct 23 2023] TypeError: Cannot read properties of undefined (reading 'rooms') 
[Mon Oct 23 2023] TypeError: Cannot read properties of undefined (reading 'rooms') 
[Mon Oct 23 2023] TypeError: Cannot read properties of undefined (reading 'rooms') 
[Mon Oct 23 2023] TypeError: Cannot read properties of undefined (reading 'rooms') 
[Mon Oct 23 2023] SyntaxError: Unexpected end of JSON input 
[Mon Oct 23 2023] SyntaxError: Unexpected end of JSON input 
[Mon Oct 23 2023] SyntaxError: Unexpected end of JSON input 
[Mon Oct 23 2023] TypeError: Cannot read properties of undefined (reading 'rooms') 
[Mon Oct 23 2023] TypeError: Cannot read properties of undefined (reading 'rooms') 
[Mon Oct 23 2023] SyntaxError: Unexpected end of JSON input 
[Mon Oct 23 2023] SyntaxError: Unexpected end of JSON input 
[Mon Oct 23 2023] SyntaxError: Unexpected end of JSON input 
[Mon Oct 23 2023] SyntaxError: Unexpected end of JSON input 
[Mon Oct 23 2023] SyntaxError: Unexpected end of JSON input 
[Mon Oct 23 2023] TypeError: Cannot read properties of undefined (reading 'rooms') 
[Mon Oct 23 2023] SyntaxError: Unexpected end of JSON input 
[Mon Oct 23 2023] TypeError: Cannot read properties of undefined (reading 'rooms') 
[Mon Oct 23 2023] TypeError: Cannot read properties of undefined (reading 'rooms') 
[Mon Oct 23 2023] TypeError: Cannot read properties of undefined (reading 'rooms') 
[Mon Oct 23 2023] TypeError: Cannot read properties of undefined (reading 'rooms') 
[Mon Oct 23 2023] TypeError: Cannot read properties of undefined (reading 'rooms') 
[Mon Oct 23 2023] SyntaxError: Unexpected end of JSON input 
[Mon Oct 23 2023] SyntaxError: Unexpected end of JSON input 
[Mon Oct 23 2023] SyntaxError: Unexpected end of JSON input 
[Mon Oct 23 2023] SyntaxError: Unexpected end of JSON input 
[Mon Oct 23 2023] SyntaxError: Unexpected end of JSON input 
[Mon Oct 23 2023] TypeError: Cannot read properties of undefined (reading 'rooms') 
[Mon Oct 23 2023] SyntaxError: Unexpected end of JSON input 
[Mon Oct 23 2023] SyntaxError: Unexpected end of JSON input 
[Mon Oct 23 2023] TypeError: Cannot read properties of undefined (reading 'rooms') 
[Mon Oct 23 2023] TypeError: Cannot read properties of undefined (reading 'rooms') 
[Mon Oct 23 2023] SyntaxError: Unexpected end of JSON input 
[Mon Oct 23 2023] TypeError: Cannot read properties of undefined (reading 'rooms') 
[Mon Oct 23 2023] SyntaxError: Unexpected end of JSON input 
[Mon Oct 23 2023] SyntaxError: Unexpected end of JSON input 
[Mon Oct 23 2023] SyntaxError: Unexpected end of JSON input 
[Mon Oct 23 2023] SyntaxError: Unexpected end of JSON input 
[Mon Oct 23 2023] SyntaxError: Unexpected end of JSON input 
[Mon Oct 23 2023] SyntaxError: Unexpected end of JSON input 
[Mon Oct 23 2023] SyntaxError: Unexpected end of JSON input 
[Mon Oct 23 2023] SyntaxError: Unexpected end of JSON input 
[Mon Oct 23 2023] SyntaxError: Unexpected end of JSON input 
[Mon Oct 23 2023] SyntaxError: Unexpected end of JSON input 
[Mon Oct 23 2023] SyntaxError: Unexpected end of JSON input 
[Mon Oct 23 2023] SyntaxError: Unexpected end of JSON input 
[Mon Oct 23 2023] TypeError: Cannot read properties of undefined (reading 'rooms') 
[Mon Oct 23 2023] TypeError: Cannot read properties of undefined (reading 'rooms') 
[Mon Oct 23 2023] TypeError: Cannot read properties of undefined (reading 'rooms') 
[Mon Oct 23 2023] TypeError: Cannot read properties of undefined (reading 'rooms') 
[Mon Oct 23 2023] TypeError: Cannot read properties of undefined (reading 'rooms') 
[Mon Oct 23 2023] TypeError: Cannot read properties of undefined (reading 'rooms') 
[Mon Oct 23 2023] SyntaxError: Unexpected end of JSON input 
[Mon Oct 23 2023] SyntaxError: Unexpected end of JSON input 
[Mon Oct 23 2023] SyntaxError: Unexpected end of JSON input 
[Mon Oct 23 2023] SyntaxError: Unexpected end of JSON input 
[Mon Oct 23 2023] TypeError: Cannot read properties of undefined (reading 'rooms') 
[Mon Oct 23 2023] SyntaxError: Unexpected end of JSON input 
[Mon Oct 23 2023] TypeError: Cannot read properties of undefined (reading 'rooms') 
[Mon Oct 23 2023] TypeError: Cannot read properties of undefined (reading 'rooms') 
[Mon Oct 23 2023] SyntaxError: Unexpected end of JSON input 
[Mon Oct 23 2023] TypeError: Cannot read properties of undefined (reading 'rooms') 
[Mon Oct 23 2023] TypeError: Cannot read properties of undefined (reading 'rooms') 
[Mon Oct 23 2023] SyntaxError: Unexpected end of JSON input 
[Mon Oct 23 2023] SyntaxError: Unexpected end of JSON input 
[Mon Oct 23 2023] SyntaxError: Unexpected end of JSON input 
[Mon Oct 23 2023] SyntaxError: Unexpected end of JSON input 
[Mon Oct 23 2023] SyntaxError: Unexpected end of JSON input 
[Mon Oct 23 2023] TypeError: Cannot read properties of undefined (reading 'rooms') 
[Mon Oct 23 2023] null 
[Mon Oct 23 2023] TypeError: Cannot read properties of null (reading 'kill') 
[Mon Oct 23 2023] TypeError: Cannot read properties of undefined (reading 'rooms') 
[Mon Oct 23 2023] TypeError: Cannot read properties of undefined (reading 'rooms') 
[Mon Oct 23 2023] 1 
[Mon Oct 23 2023] 1 
[Mon Oct 23 2023] TypeError: Cannot read properties of null (reading 'kill') 
[Mon Oct 23 2023] TypeError: Cannot read properties of null (reading 'kill') 
[Mon Oct 23 2023] SyntaxError: Unexpected end of JSON input 
[Mon Oct 23 2023] SyntaxError: Unexpected end of JSON input 
[Mon Oct 23 2023] SyntaxError: Unexpected end of JSON input 
[Mon Oct 23 2023] TypeError: Cannot read properties of undefined (reading 'rooms') 
[Mon Oct 23 2023] SyntaxError: Unexpected end of JSON input 
[Mon Oct 23 2023] SyntaxError: Unexpected end of JSON input 
[Mon Oct 23 2023] SyntaxError: Unexpected end of JSON input 
[Mon Oct 23 2023] SyntaxError: Unexpected end of JSON input 
[Mon Oct 23 2023] SyntaxError: Unexpected end of JSON input 
[Mon Oct 23 2023] SyntaxError: Unexpected end of JSON input 
[Mon Oct 23 2023] SyntaxError: Unexpected end of JSON input 
[Mon Oct 23 2023] SyntaxError: Unexpected end of JSON input 
[Mon Oct 23 2023] SyntaxError: Unexpected end of JSON input 
[Mon Oct 23 2023] realtime error: Error: WebSocket was closed before the connection was established 
[Mon Oct 23 2023] TypeError: Cannot read properties of undefined (reading 'rooms') 
[Mon Oct 23 2023] TypeError: Cannot read properties of undefined (reading 'rooms') 
[Mon Oct 23 2023] SyntaxError: Unexpected end of JSON input 
[Mon Oct 23 2023] SyntaxError: Unexpected end of JSON input 
[Mon Oct 23 2023] SyntaxError: Unexpected end of JSON input 
[Mon Oct 23 2023] SyntaxError: Unexpected end of JSON input 
[Mon Oct 23 2023] SyntaxError: Unexpected end of JSON input 
[Mon Oct 23 2023] SyntaxError: Unexpected end of JSON input 
[Mon Oct 23 2023] SyntaxError: Unexpected end of JSON input 
[Mon Oct 23 2023] TypeError: Cannot read properties of undefined (reading 'rooms') 
[Mon Oct 23 2023] SyntaxError: Unexpected end of JSON input 
[Mon Oct 23 2023] SyntaxError: Unexpected end of JSON input 
[Mon Oct 23 2023] SyntaxError: Unexpected end of JSON input 
[Mon Oct 23 2023] TypeError: Cannot read properties of undefined (reading 'rooms') 
[Mon Oct 23 2023] SyntaxError: Unexpected end of JSON input 
[Mon Oct 23 2023] SyntaxError: Unexpected end of JSON input 
[Mon Oct 23 2023] SyntaxError: Unexpected end of JSON input 
[Mon Oct 23 2023] TypeError: Cannot read properties of undefined (reading 'rooms') 
[Mon Oct 23 2023] 1 
[Mon Oct 23 2023] TypeError: Cannot read properties of undefined (reading 'rooms') 
[Mon Oct 23 2023] TypeError: Cannot read properties of null (reading 'kill') 
[Mon Oct 23 2023] SyntaxError: Unexpected end of JSON input 
[Mon Oct 23 2023] SyntaxError: Unexpected end of JSON input 
[Mon Oct 23 2023] SyntaxError: Unexpected end of JSON input 
[Mon Oct 23 2023] SyntaxError: Unexpected end of JSON input 
[Mon Oct 23 2023] TypeError: Cannot read properties of undefined (reading 'rooms') 
[Mon Oct 23 2023] TypeError: Cannot read properties of undefined (reading 'rooms') 
[Mon Oct 23 2023] 1 
[Mon Oct 23 2023] TypeError: Cannot read properties of null (reading 'kill') 
[Mon Oct 23 2023] TypeError: Cannot read properties of undefined (reading 'rooms') 
[Mon Oct 23 2023] TypeError: Cannot read properties of undefined (reading 'rooms') 
[Mon Oct 23 2023] 1 
[Mon Oct 23 2023] TypeError: Cannot read properties of undefined (reading 'rooms') 
[Mon Oct 23 2023] TypeError: Cannot read properties of null (reading 'kill') 
[Mon Oct 23 2023] 1 
[Mon Oct 23 2023] 1 
[Mon Oct 23 2023] TypeError: Cannot read properties of null (reading 'kill') 
[Mon Oct 23 2023] TypeError: Cannot read properties of undefined (reading 'rooms') 
[Mon Oct 23 2023] TypeError: Cannot read properties of null (reading 'kill') 
[Mon Oct 23 2023] TypeError: Cannot read properties of undefined (reading 'rooms') 
[Mon Oct 23 2023] TypeError: Cannot read properties of undefined (reading 'rooms') 
[Mon Oct 23 2023] 1 
[Mon Oct 23 2023] TypeError: Cannot read properties of null (reading 'kill') 
[Mon Oct 23 2023] TypeError: Cannot read properties of undefined (reading 'rooms') 
[Mon Oct 23 2023] 1 
[Mon Oct 23 2023] TypeError: Cannot read properties of undefined (reading 'rooms') 
[Mon Oct 23 2023] TypeError: Cannot read properties of null (reading 'kill') 
[Mon Oct 23 2023] TypeError: Cannot read properties of undefined (reading 'rooms') 
[Mon Oct 23 2023] 1 
[Mon Oct 23 2023] TypeError: Cannot read properties of null (reading 'kill') 
[Mon Oct 23 2023] TypeError: Cannot read properties of undefined (reading 'rooms') 
[Mon Oct 23 2023] TypeError: Cannot read properties of undefined (reading 'rooms') 
[Mon Oct 23 2023] SyntaxError: Unexpected end of JSON input 
[Mon Oct 23 2023] TypeError: Cannot read properties of undefined (reading 'rooms') 
[Mon Oct 23 2023] TypeError: Cannot read properties of undefined (reading 'rooms') 
[Mon Oct 23 2023] TypeError: Cannot read properties of undefined (reading 'rooms') 
[Mon Oct 23 2023] TypeError: Cannot read properties of undefined (reading 'rooms') 
[Mon Oct 23 2023] TypeError: Cannot read properties of undefined (reading 'rooms') 
[Mon Oct 23 2023] SyntaxError: Unexpected end of JSON input 
[Mon Oct 23 2023] SyntaxError: Unexpected end of JSON input 
[Mon Oct 23 2023] SyntaxError: Unexpected end of JSON input 
[Mon Oct 23 2023] SyntaxError: Unexpected end of JSON input 
[Mon Oct 23 2023] TypeError: Cannot read properties of undefined (reading 'rooms') 
[Mon Oct 23 2023] SyntaxError: Unexpected end of JSON input 
[Mon Oct 23 2023] TypeError: Cannot read properties of undefined (reading 'rooms') 
[Mon Oct 23 2023] TypeError: Cannot read properties of undefined (reading 'rooms') 
[Mon Oct 23 2023] TypeError: Cannot read properties of undefined (reading 'rooms') 
[Mon Oct 23 2023] TypeError: Cannot read properties of undefined (reading 'rooms') 
[Mon Oct 23 2023] realtime error: Error: WebSocket was closed before the connection was established 
[Mon Oct 23 2023] TypeError: Cannot read properties of undefined (reading 'rooms') 
[Mon Oct 23 2023] SyntaxError: Unexpected end of JSON input 
[Mon Oct 23 2023] TypeError: Cannot read properties of undefined (reading 'rooms') 
[Mon Oct 23 2023] SyntaxError: Unexpected end of JSON input 
[Mon Oct 23 2023] SyntaxError: Unexpected end of JSON input 
[Mon Oct 23 2023] SyntaxError: Unexpected end of JSON input 
[Mon Oct 23 2023] SyntaxError: Unexpected end of JSON input 
[Mon Oct 23 2023] SyntaxError: Unexpected end of JSON input 
[Mon Oct 23 2023] SyntaxError: Unexpected end of JSON input 
[Mon Oct 23 2023] SyntaxError: Unexpected end of JSON input 
[Mon Oct 23 2023] SyntaxError: Unexpected end of JSON input 
[Mon Oct 23 2023] SyntaxError: Unexpected end of JSON input 
[Mon Oct 23 2023] SyntaxError: Unexpected end of JSON input 
[Mon Oct 23 2023] realtime error: Error: WebSocket was closed before the connection was established 
[Mon Oct 23 2023] TypeError: Cannot read properties of undefined (reading 'rooms') 
[Mon Oct 23 2023] realtime error: Error: WebSocket was closed before the connection was established 
[Mon Oct 23 2023] realtime error: Error: WebSocket was closed before the connection was established 
[Mon Oct 23 2023] TypeError: Cannot read properties of undefined (reading 'rooms') 
[Mon Oct 23 2023] TypeError: Cannot read properties of undefined (reading 'rooms') 
[Mon Oct 23 2023] TypeError: Cannot read properties of undefined (reading 'rooms') 
[Mon Oct 23 2023] realtime error: Error: WebSocket was closed before the connection was established 
[Mon Oct 23 2023] TypeError: Cannot read properties of undefined (reading 'rooms') 
[Mon Oct 23 2023] TypeError: Cannot read properties of undefined (reading 'rooms') 
[Mon Oct 23 2023] TypeError: Cannot read properties of undefined (reading 'rooms') 
[Mon Oct 23 2023] TypeError: Cannot read properties of undefined (reading 'rooms') 
[Mon Oct 23 2023] TypeError: Cannot read properties of undefined (reading 'rooms') 
[Mon Oct 23 2023] TypeError: Cannot read properties of undefined (reading 'rooms') 
[Mon Oct 23 2023] TypeError: Cannot read properties of undefined (reading 'rooms') 
[Mon Oct 23 2023] SyntaxError: Unexpected end of JSON input 
[Mon Oct 23 2023] TypeError: Cannot read properties of undefined (reading 'rooms') 
[Mon Oct 23 2023] TypeError: Cannot read properties of undefined (reading 'rooms') 
[Mon Oct 23 2023] TypeError: Cannot read properties of undefined (reading 'rooms') 
[Mon Oct 23 2023] TypeError: Cannot read properties of undefined (reading 'rooms') 
[Mon Oct 23 2023] SyntaxError: Unexpected end of JSON input 
[Mon Oct 23 2023] TypeError: Cannot read properties of undefined (reading 'rooms') 
[Mon Oct 23 2023] SyntaxError: Unexpected end of JSON input 
[Mon Oct 23 2023] TypeError: Cannot read properties of undefined (reading 'rooms') 
[Mon Oct 23 2023] TypeError: Cannot read properties of undefined (reading 'rooms') 
[Mon Oct 23 2023] SyntaxError: Unexpected end of JSON input 
[Mon Oct 23 2023] SyntaxError: Unexpected end of JSON input 
[Mon Oct 23 2023] TypeError: Cannot read properties of undefined (reading 'rooms') 
[Mon Oct 23 2023] TypeError: Cannot read properties of undefined (reading 'rooms') 
[Mon Oct 23 2023] TypeError: Cannot read properties of undefined (reading 'rooms') 
[Mon Oct 23 2023] TypeError: Cannot read properties of undefined (reading 'rooms') 
[Mon Oct 23 2023] TypeError: Cannot read properties of undefined (reading 'rooms') 
[Mon Oct 23 2023] TypeError: Cannot read properties of undefined (reading 'rooms') 
[Mon Oct 23 2023] TypeError: Cannot read properties of undefined (reading 'rooms') 
[Mon Oct 23 2023] TypeError: Cannot read properties of undefined (reading 'rooms') 
[Mon Oct 23 2023] SyntaxError: Unexpected end of JSON input 
[Mon Oct 23 2023] SyntaxError: Unexpected end of JSON input 
[Mon Oct 23 2023] TypeError: Cannot read properties of undefined (reading 'rooms') 
[Mon Oct 23 2023] TypeError: Cannot read properties of undefined (reading 'rooms') 
[Mon Oct 23 2023] TypeError: Cannot read properties of undefined (reading 'rooms') 
[Mon Oct 23 2023] TypeError: Cannot read properties of undefined (reading 'rooms') 
[Mon Oct 23 2023] TypeError: Cannot read properties of undefined (reading 'rooms') 
[Mon Oct 23 2023] TypeError: Cannot read properties of undefined (reading 'rooms') 
[Mon Oct 23 2023] TypeError: Cannot read properties of undefined (reading 'rooms') 
[Mon Oct 23 2023] TypeError: Cannot read properties of undefined (reading 'rooms') 
[Mon Oct 23 2023] TypeError: Cannot read properties of undefined (reading 'rooms') 
[Mon Oct 23 2023] TypeError: Cannot read properties of undefined (reading 'rooms') 
[Mon Oct 23 2023] TypeError: Cannot read properties of undefined (reading 'rooms') 
[Mon Oct 23 2023] TypeError: Cannot read properties of undefined (reading 'rooms') 
[Mon Oct 23 2023] TypeError: Cannot read properties of undefined (reading 'rooms') 
[Mon Oct 23 2023] TypeError: Cannot read properties of undefined (reading 'rooms') 
[Mon Oct 23 2023] TypeError: Cannot read properties of undefined (reading 'rooms') 
[Mon Oct 23 2023] TypeError: Cannot read properties of undefined (reading 'rooms') 
[Mon Oct 23 2023] TypeError: Cannot read properties of undefined (reading 'rooms') 
[Mon Oct 23 2023] SyntaxError: Unexpected end of JSON input 
[Mon Oct 23 2023] TypeError: Cannot read properties of undefined (reading 'rooms') 
[Mon Oct 23 2023] TypeError: Cannot read properties of undefined (reading 'rooms') 
[Mon Oct 23 2023] TypeError: Cannot read properties of undefined (reading 'rooms') 
[Mon Oct 23 2023] TypeError: data is not iterable 
[Mon Oct 23 2023] TypeError: Cannot read properties of undefined (reading 'rooms') 
[Mon Oct 23 2023] 1 
[Mon Oct 23 2023] TypeError: Cannot read properties of undefined (reading 'rooms') 
[Mon Oct 23 2023] TypeError: Cannot read properties of undefined (reading 'rooms') 
[Mon Oct 23 2023] TypeError: Cannot read properties of undefined (reading 'roomRequestDetail') 
[Mon Oct 23 2023] TypeError: Cannot read properties of undefined (reading 'rooms') 
[Mon Oct 23 2023] TypeError: Cannot read properties of undefined (reading 'rooms') 
[Mon Oct 23 2023] 1 
[Mon Oct 23 2023] TypeError: Cannot read properties of null (reading 'kill') 
[Mon Oct 23 2023] TypeError: Cannot read properties of undefined (reading 'rooms') 
[Mon Oct 23 2023] TypeError: Cannot read properties of undefined (reading 'rooms') 
[Mon Oct 23 2023] SyntaxError: Unexpected end of JSON input 
[Mon Oct 23 2023] TypeError: Cannot read properties of undefined (reading 'rooms') 
[Mon Oct 23 2023] TypeError: Cannot read properties of undefined (reading 'rooms') 
[Mon Oct 23 2023] TypeError: Cannot read properties of undefined (reading 'rooms') 
[Mon Oct 23 2023] TypeError: Cannot read properties of undefined (reading 'rooms') 
[Mon Oct 23 2023] TypeError: Cannot read properties of undefined (reading 'rooms') 
[Mon Oct 23 2023] TypeError: Cannot read properties of undefined (reading 'rooms') 
[Mon Oct 23 2023] TypeError: Cannot read properties of undefined (reading 'rooms') 
[Mon Oct 23 2023] TypeError: Cannot read properties of undefined (reading 'rooms') 
[Mon Oct 23 2023] TypeError: Cannot read properties of undefined (reading 'rooms') 
[Mon Oct 23 2023] TypeError: Cannot read properties of undefined (reading 'rooms') 
[Mon Oct 23 2023] TypeError: Cannot read properties of undefined (reading 'rooms') 
[Mon Oct 23 2023] TypeError: Cannot read properties of undefined (reading 'rooms') 
[Mon Oct 23 2023] SyntaxError: Unexpected end of JSON input 
[Mon Oct 23 2023] TypeError: Cannot read properties of undefined (reading 'rooms') 
[Mon Oct 23 2023] TypeError: Cannot read properties of undefined (reading 'rooms') 
[Mon Oct 23 2023] TypeError: Cannot read properties of undefined (reading 'rooms') 
[Mon Oct 23 2023] TypeError: Cannot read properties of undefined (reading 'rooms') 
[Mon Oct 23 2023] TypeError: Cannot read properties of undefined (reading 'rooms') 
[Mon Oct 23 2023] TypeError: Cannot read properties of undefined (reading 'rooms') 
[Mon Oct 23 2023] TypeError: Cannot read properties of undefined (reading 'rooms') 
[Mon Oct 23 2023] TypeError: Cannot read properties of undefined (reading 'rooms') 
[Mon Oct 23 2023] TypeError: Cannot read properties of undefined (reading 'rooms') 
[Mon Oct 23 2023] TypeError: Cannot read properties of undefined (reading 'rooms') 
[Mon Oct 23 2023] TypeError: Cannot read properties of undefined (reading 'rooms') 
[Mon Oct 23 2023] TypeError: Cannot read properties of undefined (reading 'rooms') 
[Mon Oct 23 2023] TypeError: Cannot read properties of undefined (reading 'rooms') 
[Mon Oct 23 2023] TypeError: Cannot read properties of undefined (reading 'rooms') 
[Mon Oct 23 2023] TypeError: Cannot read properties of undefined (reading 'rooms') 
[Mon Oct 23 2023] TypeError: Cannot read properties of undefined (reading 'rooms') 
[Mon Oct 23 2023] SyntaxError: Unexpected end of JSON input 
[Mon Oct 23 2023] SyntaxError: Unexpected end of JSON input 
[Mon Oct 23 2023] SyntaxError: Unexpected end of JSON input 
[Mon Oct 23 2023] SyntaxError: Unexpected end of JSON input 
[Mon Oct 23 2023] SyntaxError: Unexpected end of JSON input 
[Mon Oct 23 2023] SyntaxError: Unexpected end of JSON input 
[Mon Oct 23 2023] SyntaxError: Unexpected end of JSON input 
[Mon Oct 23 2023] TypeError: Cannot read properties of undefined (reading 'rooms') 
[Mon Oct 23 2023] TypeError: data is not iterable 
[Mon Oct 23 2023] 1 
[Mon Oct 23 2023] TypeError: Cannot read properties of null (reading 'kill') 
[Mon Oct 23 2023] TypeError: Cannot read properties of undefined (reading 'rooms') 
[Mon Oct 23 2023] TypeError: Cannot read properties of undefined (reading 'rooms') 
[Mon Oct 23 2023] TypeError: Cannot read properties of undefined (reading 'rooms') 
[Mon Oct 23 2023] TypeError: Cannot read properties of undefined (reading 'rooms') 
[Mon Oct 23 2023] TypeError: Cannot read properties of undefined (reading 'rooms') 
[Mon Oct 23 2023] TypeError: Cannot read properties of undefined (reading 'rooms') 
[Mon Oct 23 2023] TypeError: Cannot read properties of undefined (reading 'rooms') 
[Mon Oct 23 2023] TypeError: data is not iterable 
[Wed Nov 01 2023] TypeError: Cannot read properties of undefined (reading 'rooms') 
[Wed Nov 01 2023] SyntaxError: Unexpected end of JSON input 
[Wed Nov 01 2023] SyntaxError: Unexpected end of JSON input 
[Wed Nov 01 2023] SyntaxError: Unexpected end of JSON input 
[Wed Nov 01 2023] SyntaxError: Unexpected end of JSON input 
[Wed Nov 01 2023] SyntaxError: Unexpected end of JSON input 
[Wed Nov 01 2023] SyntaxError: Unexpected end of JSON input 
[Wed Nov 01 2023] TypeError: Cannot read properties of undefined (reading 'rooms') 
[Wed Nov 01 2023] TypeError: Cannot read properties of undefined (reading 'rooms') 
[Wed Nov 01 2023] TypeError: Cannot read properties of undefined (reading 'rooms') 
[Wed Nov 01 2023] TypeError: Cannot read properties of undefined (reading 'rooms') 
[Wed Nov 01 2023] TypeError: Cannot read properties of undefined (reading 'rooms') 
[Wed Nov 01 2023] SyntaxError: Unexpected end of JSON input 
[Wed Nov 01 2023] realtime error: Error: WebSocket was closed before the connection was established 
[Wed Nov 01 2023] TypeError: Cannot read properties of undefined (reading 'rooms') 
[Wed Nov 01 2023] TypeError: Cannot read properties of undefined (reading 'rooms') 
[Wed Nov 01 2023] SyntaxError: Unexpected end of JSON input 
[Wed Nov 01 2023] TypeError: Cannot read properties of undefined (reading 'rooms') 
[Wed Nov 01 2023] TypeError: Cannot read properties of undefined (reading 'rooms') 
[Wed Nov 01 2023] TypeError: Cannot read properties of undefined (reading 'rooms') 
[Wed Nov 01 2023] SyntaxError: Unexpected end of JSON input 
[Wed Nov 01 2023] SyntaxError: Unexpected end of JSON input 
[Wed Nov 01 2023] SyntaxError: Unexpected end of JSON input 
[Wed Nov 01 2023] SyntaxError: Unexpected end of JSON input 
[Wed Nov 01 2023] SyntaxError: Unexpected end of JSON input 
[Wed Nov 01 2023] SyntaxError: Unexpected end of JSON input 
[Wed Nov 01 2023] SyntaxError: Unexpected end of JSON input 
[Wed Nov 01 2023] SyntaxError: Unexpected end of JSON input 
[Wed Nov 01 2023] SyntaxError: Unexpected end of JSON input 
[Wed Nov 01 2023] SyntaxError: Unexpected end of JSON input 
[Wed Nov 01 2023] SyntaxError: Unexpected end of JSON input 
[Wed Nov 01 2023] SyntaxError: Unexpected end of JSON input 
[Wed Nov 01 2023] SyntaxError: Unexpected end of JSON input 
[Wed Nov 01 2023] SyntaxError: Unexpected end of JSON input 
[Wed Nov 01 2023] TypeError: Cannot read properties of undefined (reading 'rooms') 
[Wed Nov 01 2023] TypeError: Cannot read properties of undefined (reading 'rooms') 
[Wed Nov 01 2023] TypeError: Cannot read properties of undefined (reading 'rooms') 
[Wed Nov 01 2023] TypeError: Cannot read properties of undefined (reading 'rooms') 
[Wed Nov 01 2023] TypeError: Cannot read properties of undefined (reading 'rooms') 
[Wed Nov 01 2023] TypeError: Cannot read properties of undefined (reading 'rooms') 
[Wed Nov 01 2023] TypeError: Cannot read properties of undefined (reading 'rooms') 
[Wed Nov 01 2023] TypeError: Cannot read properties of undefined (reading 'rooms') 
[Wed Nov 01 2023] TypeError [ERR_INVALID_CALLBACK]: Callback must be a function. Received undefined 
[Wed Nov 01 2023] TypeError: Cannot read properties of undefined (reading 'rooms') 
[Wed Nov 01 2023] TypeError: Cannot read properties of undefined (reading 'rooms') 
[Wed Nov 01 2023] TypeError: Cannot read properties of undefined (reading 'rooms') 
[Wed Nov 01 2023] TypeError: Cannot read properties of undefined (reading 'rooms') 
[Wed Nov 01 2023] TypeError: Cannot read properties of undefined (reading 'rooms') 
[Wed Nov 01 2023] TypeError: Cannot read properties of undefined (reading 'rooms') 
[Wed Nov 01 2023] TypeError: Cannot read properties of undefined (reading 'rooms') 
[Wed Nov 01 2023] 1 
[Wed Nov 01 2023] TypeError: Cannot read properties of undefined (reading 'rooms') 
[Wed Nov 01 2023] TypeError: Cannot read properties of undefined (reading 'rooms') 
[Wed Nov 01 2023] TypeError: Cannot read properties of undefined (reading 'rooms') 
[Wed Nov 01 2023] TypeError: Cannot read properties of undefined (reading 'rooms') 
[Wed Nov 01 2023] TypeError: Cannot read properties of undefined (reading 'rooms') 
[Wed Nov 01 2023] TypeError: Cannot read properties of undefined (reading 'rooms') 
[Wed Nov 01 2023] TypeError: Cannot read properties of undefined (reading 'rooms') 
[Wed Nov 01 2023] TypeError: Cannot read properties of undefined (reading 'rooms') 
[Wed Nov 01 2023] TypeError: Cannot read properties of undefined (reading 'rooms') 
[Wed Nov 01 2023] TypeError: Cannot read properties of undefined (reading 'rooms') 
[Wed Nov 01 2023] TypeError: Cannot read properties of undefined (reading 'rooms') 
[Wed Nov 01 2023] SyntaxError: Unexpected end of JSON input 
[Wed Nov 01 2023] SyntaxError: Unexpected end of JSON input 
[Wed Nov 01 2023] SyntaxError: Unexpected end of JSON input 
[Wed Nov 01 2023] SyntaxError: Unexpected end of JSON input 
[Wed Nov 01 2023] SyntaxError: Unexpected end of JSON input 
[Wed Nov 01 2023] TypeError: data is not iterable 
[Wed Nov 01 2023] TypeError: Cannot read properties of undefined (reading 'roomRequestDetail') 
[Wed Nov 01 2023] SyntaxError: Unexpected end of JSON input 
[Wed Nov 01 2023] SyntaxError: Unexpected end of JSON input 
[Wed Nov 01 2023] SyntaxError: Unexpected end of JSON input 
[Wed Nov 01 2023] SyntaxError: Unexpected end of JSON input 
[Wed Nov 01 2023] SyntaxError: Unexpected end of JSON input 
[Wed Nov 01 2023] SyntaxError: Unexpected end of JSON input 
[Wed Nov 01 2023] TypeError: data is not iterable 
[Wed Nov 01 2023] SyntaxError: Unexpected end of JSON input 
[Wed Nov 01 2023] TypeError: data is not iterable 
[Wed Nov 01 2023] TypeError: data is not iterable 
[Wed Nov 01 2023] TypeError: data is not iterable 
[Wed Nov 01 2023] SyntaxError: Unexpected end of JSON input 
[Wed Nov 01 2023] TypeError: Cannot read properties of undefined (reading 'roomRequestDetail') 
[Wed Nov 01 2023] SyntaxError: Unexpected end of JSON input 
[Wed Nov 01 2023] SyntaxError: Unexpected end of JSON input 
[Wed Nov 01 2023] TypeError: Cannot read properties of undefined (reading 'roomRequestDetail') 
[Wed Nov 01 2023] SyntaxError: Unexpected end of JSON input 
[Wed Nov 01 2023] SyntaxError: Unexpected end of JSON input 
[Wed Nov 01 2023] SyntaxError: Unexpected end of JSON input 
[Wed Nov 01 2023] SyntaxError: Unexpected end of JSON input 
[Wed Nov 01 2023] SyntaxError: Unexpected end of JSON input 
[Wed Nov 01 2023] SyntaxError: Unexpected end of JSON input 
[Wed Nov 01 2023] SyntaxError: Unexpected end of JSON input 
[Wed Nov 01 2023] SyntaxError: Unexpected end of JSON input 
[Wed Nov 01 2023] SyntaxError: Unexpected end of JSON input 
[Wed Nov 01 2023] SyntaxError: Unexpected end of JSON input 
[Wed Nov 01 2023] SyntaxError: Unexpected end of JSON input 
[Wed Nov 01 2023] SyntaxError: Unexpected end of JSON input 
[Wed Nov 01 2023] SyntaxError: Unexpected end of JSON input 
[Wed Nov 01 2023] SyntaxError: Unexpected end of JSON input 
[Wed Nov 01 2023] SyntaxError: Unexpected end of JSON input 
[Wed Nov 01 2023] SyntaxError: Unexpected end of JSON input 
[Wed Nov 01 2023] SyntaxError: Unexpected end of JSON input 
[Wed Nov 01 2023] SyntaxError: Unexpected end of JSON input 
[Wed Nov 01 2023] SyntaxError: Unexpected end of JSON input 
[Wed Nov 01 2023] SyntaxError: Unexpected end of JSON input 
[Wed Nov 01 2023] SyntaxError: Unexpected end of JSON input 
[Wed Nov 01 2023] SyntaxError: Unexpected end of JSON input 
[Wed Nov 01 2023] SyntaxError: Unexpected end of JSON input 
[Wed Nov 01 2023] SyntaxError: Unexpected end of JSON input 
[Wed Nov 01 2023] SyntaxError: Unexpected end of JSON input 
[Wed Nov 01 2023] TypeError: Cannot read properties of undefined (reading 'roomRequestDetail') 
[Wed Nov 01 2023] SyntaxError: Unexpected end of JSON input 
[Wed Nov 01 2023] TypeError: data is not iterable 
[Wed Nov 01 2023] 1 
[Wed Nov 01 2023] SyntaxError: Unexpected end of JSON input 
[Wed Nov 01 2023] SyntaxError: Unexpected end of JSON input 
[Wed Nov 01 2023] SyntaxError: Unexpected end of JSON input 
[Wed Nov 01 2023] SyntaxError: Unexpected end of JSON input 
[Wed Nov 01 2023] 1 
[Wed Nov 01 2023] TypeError: Cannot read properties of null (reading 'kill') 
[Wed Nov 01 2023] SyntaxError: Unexpected end of JSON input 
[Wed Nov 01 2023] 1 
[Wed Nov 01 2023] TypeError: Cannot read properties of null (reading 'kill') 
[Wed Nov 01 2023] 1 
[Wed Nov 01 2023] TypeError: Cannot read properties of null (reading 'kill') 
[Wed Nov 01 2023] 1 
[Wed Nov 01 2023] TypeError: Cannot read properties of null (reading 'kill') 
[Wed Nov 01 2023] null 
[Wed Nov 01 2023] TypeError: Cannot read properties of null (reading 'kill') 
[Wed Nov 01 2023] SyntaxError: Unexpected end of JSON input 
[Wed Nov 01 2023] 1 
[Wed Nov 01 2023] 1 
[Wed Nov 01 2023] TypeError: Cannot read properties of null (reading 'kill') 
[Wed Nov 01 2023] TypeError: Cannot read properties of null (reading 'kill') 
[Wed Nov 01 2023] TypeError: Cannot read properties of undefined (reading 'roomRequestDetail') 
[Wed Nov 01 2023] SyntaxError: Unexpected end of JSON input 
[Wed Nov 01 2023] SyntaxError: Unexpected end of JSON input 
[Wed Nov 01 2023] SyntaxError: Unexpected end of JSON input 
[Wed Nov 01 2023] SyntaxError: Unexpected end of JSON input 
[Wed Nov 01 2023] SyntaxError: Unexpected end of JSON input 
[Wed Nov 01 2023] SyntaxError: Unexpected end of JSON input 
[Wed Nov 01 2023] SyntaxError: Unexpected end of JSON input 
[Wed Nov 01 2023] SyntaxError: Unexpected end of JSON input 
[Wed Nov 01 2023] SyntaxError: Unexpected end of JSON input 
[Wed Nov 01 2023] SyntaxError: Unexpected end of JSON input 
[Wed Nov 01 2023] SyntaxError: Unexpected end of JSON input 
[Wed Nov 01 2023] SyntaxError: Unexpected end of JSON input 
[Wed Nov 01 2023] SyntaxError: Unexpected end of JSON input 
[Wed Nov 01 2023] SyntaxError: Unexpected end of JSON input 
[Wed Nov 01 2023] SyntaxError: Unexpected end of JSON input 
[Wed Nov 01 2023] SyntaxError: Unexpected end of JSON input 
[Wed Nov 01 2023] SyntaxError: Unexpected end of JSON input 
[Wed Nov 01 2023] SyntaxError: Unexpected end of JSON input 
[Wed Nov 01 2023] SyntaxError: Unexpected end of JSON input 
[Wed Nov 01 2023] SyntaxError: Unexpected end of JSON input 
[Wed Nov 01 2023] SyntaxError: Unexpected end of JSON input 
[Wed Nov 01 2023] SyntaxError: Unexpected end of JSON input 
[Wed Nov 01 2023] SyntaxError: Unexpected end of JSON input 
[Wed Nov 01 2023] SyntaxError: Unexpected end of JSON input 
[Wed Nov 01 2023] SyntaxError: Unexpected end of JSON input 
[Wed Nov 01 2023] SyntaxError: Unexpected end of JSON input 
[Wed Nov 01 2023] SyntaxError: Unexpected end of JSON input 
[Wed Nov 01 2023] SyntaxError: Unexpected end of JSON input 
[Wed Nov 01 2023] SyntaxError: Unexpected end of JSON input 
[Wed Nov 01 2023] SyntaxError: Unexpected end of JSON input 
[Wed Nov 01 2023] SyntaxError: Unexpected end of JSON input 
[Wed Nov 01 2023] SyntaxError: Unexpected end of JSON input 
[Wed Nov 01 2023] SyntaxError: Unexpected end of JSON input 
[Wed Nov 01 2023] SyntaxError: Unexpected end of JSON input 
[Wed Nov 01 2023] SyntaxError: Unexpected end of JSON input 
[Wed Nov 01 2023] SyntaxError: Unexpected end of JSON input 
[Wed Nov 01 2023] SyntaxError: Unexpected end of JSON input 
[Wed Nov 01 2023] SyntaxError: Unexpected end of JSON input 
[Wed Nov 01 2023] SyntaxError: Unexpected end of JSON input 
[Wed Nov 01 2023] realtime error: Error: WebSocket was closed before the connection was established 
[Wed Nov 01 2023] realtime error: Error: WebSocket was closed before the connection was established 
[Wed Nov 01 2023] SyntaxError: Unexpected end of JSON input 
[Wed Nov 01 2023] SyntaxError: Unexpected end of JSON input 
[Wed Nov 01 2023] SyntaxError: Unexpected end of JSON input 
[Wed Nov 01 2023] realtime error: Error: WebSocket was closed before the connection was established 
[Wed Nov 01 2023] realtime error: Error: WebSocket was closed before the connection was established 
[Wed Nov 01 2023] SyntaxError: Unexpected end of JSON input 
[Wed Nov 01 2023] SyntaxError: Unexpected end of JSON input 
[Wed Nov 01 2023] realtime error: Error: WebSocket was closed before the connection was established 
[Wed Nov 01 2023] realtime error: Error: WebSocket was closed before the connection was established 
[Wed Nov 01 2023] realtime error: Error: WebSocket was closed before the connection was established 
