[2023-11-3 21:50] Accepted game request from klo | 3ENH6. Points: 100 Games: 0
[2023-11-3 21:50] Accepted game request from uip | 9UDTA. Points: 100 Games: 0
[2023-11-3 21:50] Accepted game request from klo | 3ENH6. Points: 100 Games: 1
[2023-11-3 21:52] klo | 3ENH6 point updated 200
[2023-11-3 21:52] uip | 9UDTA point updated 0
[2023-11-3 21:53] Accepted game request from uip | 9UDTA. Points: 100 Games: 1
[2023-11-3 21:53] Accepted game request from klo | 3ENH6. Points: 200 Games: 2
[2023-11-3 21:54] klo | 3ENH6 point updated 100
[2023-11-3 21:54] uip | 9UDTA point updated 0
[2023-11-3 21:54] klo | 3ENH6 point updated 101
[2023-11-3 21:54] uip | 9UDTA point updated -1
[2023-11-3 21:55] klo | 3ENH6 point updated 100
[2023-11-3 21:55] uip | 9UDTA point updated -2
[2023-11-3 21:55] klo | 3ENH6 point updated 100
[2023-11-3 21:55] uip | 9UDTA point updated -2
[2023-11-3 21:55] klo | 3ENH6 point updated 100
[2023-11-3 21:55] uip | 9UDTA point updated -2
[2023-11-3 21:56] klo | 3ENH6 point updated 0
[2023-11-3 21:56] uip | 9UDTA point updated 98
[2023-11-3 21:59] Accepted game request from uip | 9UDTA. Points: 100 Games: 0
[2023-11-3 21:59] Accepted game request from klo | 3ENH6. Points: 100 Games: 0
[2023-11-3 21:59] Accepted game request from klo | 3ENH6. Points: 100 Games: 1
[2023-11-3 21:59] Accepted game request from uip | 9UDTA. Points: 100 Games: 1
[2023-11-3 22:0] klo | 3ENH6 point updated 0
[2023-11-3 22:0] uip | 9UDTA point updated 200
[2023-11-3 22:1] Accepted game request from klo | 3ENH6. Points: 100 Games: 2
[2023-11-3 22:1] Accepted game request from uip | 9UDTA. Points: 200 Games: 2
[2023-11-3 22:1] klo | 3ENH6 point updated -100
[2023-11-3 22:1] uip | 9UDTA point updated 400
[2023-11-3 22:23] Accepted game request from uip | 9UDTA. Points: 100 Games: 0
[2023-11-3 22:24] Accepted game request from klo | 3ENH6. Points: 100 Games: 0
[2023-11-3 22:24] Accepted game request from uip | 9UDTA. Points: 100 Games: 1
[2023-11-3 22:24] uip | 9UDTA point updated 200
[2023-11-3 22:24] klo | 3ENH6 point updated 200
[2023-11-3 22:31] Accepted game request from uip | 9UDTA. Points: 100 Games: 0
[2023-11-3 22:31] Accepted game request from klo | 3ENH6. Points: 100 Games: 0
[2023-11-3 22:31] Accepted game request from uip | 9UDTA. Points: 100 Games: 1
[2023-11-3 22:42] Accepted game request from uip | 9UDTA. Points: 100 Games: 0
[2023-11-3 22:42] Accepted game request from klo | 3ENH6. Points: 100 Games: 0
[2023-11-3 22:42] Accepted game request from uip | 9UDTA. Points: 100 Games: 1
[2023-11-3 22:42] uip | 9UDTA point updated 0
[2023-11-3 22:42] klo | 3ENH6 point updated 200
[2023-11-3 22:43] Accepted game request from uip | 9UDTA. Points: 100 Games: 2
[2023-11-3 22:43] Accepted game request from klo | 3ENH6. Points: 200 Games: 1
[2023-11-3 22:44] uip | 9UDTA point updated 0
[2023-11-3 22:44] klo | 3ENH6 point updated 301
[2023-11-3 22:46] Accepted game request from klo | 3ENH6. Points: 100 Games: 0
[2023-11-3 22:46] Accepted game request from uip | 9UDTA. Points: 100 Games: 0
[2023-11-3 22:46] Accepted game request from klo | 3ENH6. Points: 100 Games: 1
[2023-11-3 22:46] Accepted game request from uip | 9UDTA. Points: 100 Games: 1
[2023-11-3 22:46] Accepted game request from klo | 3ENH6. Points: 100 Games: 2
[2023-11-3 22:47] uip | 9UDTA point updated 200
[2023-11-3 22:47] klo | 3ENH6 point updated 0
[2023-11-3 22:47] Accepted game request from klo | 3ENH6. Points: 100 Games: 3
[2023-11-3 22:47] Accepted game request from uip | 9UDTA. Points: 200 Games: 2
[2023-11-3 22:48] uip | 9UDTA point updated 300
[2023-11-3 22:48] klo | 3ENH6 point updated 0
[2023-11-3 22:51] Accepted game request from klo | 3ENH6. Points: 50 Games: 4
[2023-11-3 22:51] Accepted game request from uip | 9UDTA. Points: 300 Games: 3
[2023-11-3 22:51] uip | 9UDTA point updated 250
[2023-11-3 22:51] klo | 3ENH6 point updated 0
[2023-11-3 22:52] uip | 9UDTA point updated 150
[2023-11-3 22:52] klo | 3ENH6 point updated 0
[2023-11-3 22:53] uip | 9UDTA point updated 300
[2023-11-3 22:53] klo | 3ENH6 point updated 0
[2023-11-3 22:54] uip | 9UDTA point updated 250
[2023-11-3 22:54] klo | 3ENH6 point updated 0
[2023-11-3 22:54] uip | 9UDTA point updated 150
[2023-11-3 22:54] klo | 3ENH6 point updated 0
[2023-11-3 22:55] uip | 9UDTA point updated 0
[2023-11-3 22:55] klo | 3ENH6 point updated 50
[2023-11-3 22:58] Accepted game request from klo | 3ENH6. Points: 50 Games: 5
[2023-11-3 22:58] Ignored game request from uip | 9UDTA. Points: 0 Games: 4
[2023-11-3 22:59] Accepted game request from uip | 9UDTA. Points: 80 Games: 0
[2023-11-3 22:59] Accepted game request from klo | 3ENH6. Points: 80 Games: 0
[2023-11-3 23:0] Accepted game request from uip | 9UDTA. Points: 80 Games: 1
[2023-11-3 23:0] Accepted game request from klo | 3ENH6. Points: 80 Games: 1
[2023-11-3 23:0] Accepted game request from uip | 9UDTA. Points: 80 Games: 2
[2023-11-3 23:0] uip | 9UDTA point updated 26
[2023-11-3 23:0] klo | 3ENH6 point updated 134
[2023-11-3 23:1] uip | 9UDTA point updated 0
[2023-11-3 23:1] klo | 3ENH6 point updated 160
[2023-11-3 23:1] Accepted game request from uip | 9UDTA. Points: 100 Games: 3
[2023-11-3 23:1] Accepted game request from klo | 3ENH6. Points: 160 Games: 2
[2023-11-3 23:6] Accepted game request from klo | 3ENH6. Points: 100 Games: 0
[2023-11-3 23:6] Accepted game request from uip | 9UDTA. Points: 100 Games: 0
[2023-11-3 23:6] Accepted game request from klo | 3ENH6. Points: 100 Games: 1
[2023-11-3 23:19] uip | 9UDTA point updated 200
[2023-11-3 23:19] klo | 3ENH6 point updated 0
[2023-11-3 23:20] Accepted game request from klo | 3ENH6. Points: 100 Games: 2
[2023-11-3 23:20] Accepted game request from uip | 9UDTA. Points: 200 Games: 1
[2023-11-3 23:20] uip | 9UDTA point updated 300
[2023-11-3 23:20] klo | 3ENH6 point updated 0
[2023-11-3 23:21] Accepted game request from klo | 3ENH6. Points: 100 Games: 3
[2023-11-3 23:21] Accepted game request from uip | 9UDTA. Points: 300 Games: 2
[2023-11-3 23:21] uip | 9UDTA point updated 400
[2023-11-3 23:21] klo | 3ENH6 point updated 0
[2023-11-3 23:22] Accepted game request from klo | 3ENH6. Points: 100 Games: 4
[2023-11-3 23:22] Accepted game request from uip | 9UDTA. Points: 400 Games: 3
[2023-11-3 23:22] uip | 9UDTA point updated 300
[2023-11-3 23:22] klo | 3ENH6 point updated 0
[2023-11-3 23:23] uip | 9UDTA point updated 500
[2023-11-3 23:23] klo | 3ENH6 point updated 0
[2023-11-3 23:24] Accepted game request from klo | 3ENH6. Points: 50 Games: 5
[2023-11-3 23:24] Accepted game request from uip | 9UDTA. Points: 500 Games: 4
[2023-11-3 23:24] uip | 9UDTA point updated 550
[2023-11-3 23:24] klo | 3ENH6 point updated 0
[2023-11-3 23:25] Accepted game request from klo | 3ENH6. Points: 100 Games: 6
[2023-11-3 23:25] Accepted game request from uip | 9UDTA. Points: 550 Games: 5
[2023-11-3 23:26] uip | 9UDTA point updated 650
[2023-11-3 23:26] klo | 3ENH6 point updated 0
[2023-11-3 23:26] Ignored game request from klo | 3ENH6. Points: 0 Games: 7
[2023-11-3 23:26] Accepted game request from uip | 9UDTA. Points: 650 Games: 6
